[2025-04-06 12:35:45] Depósito en cuenta 1: 1.00
[2025-04-06 12:35:51] Retirada en cuenta 1: -2.00
[Sun Apr  6 16:09:32 2025] Usuario 5 ha cerrado sesión.
[Sun Apr  6 16:09:32 2025] Usuario 4 ha cerrado sesión.
[Sun Apr  6 16:09:32 2025] Usuario 1 ha cerrado sesión.
[Sun Apr  6 16:09:32 2025] Usuario 3 ha cerrado sesión.
[Sun Apr  6 16:09:32 2025] Usuario 2 ha cerrado sesión.
[Sun Apr  6 16:14:15 2025] Usuario 3 ha cerrado sesión.
[Sun Apr  6 16:14:16 2025] Usuario 5 ha cerrado sesión.
[Sun Apr  6 16:14:16 2025] Usuario 4 ha cerrado sesión.
[Sun Apr  6 16:14:18 2025] Usuario 1 ha cerrado sesión.
[Sun Apr  6 16:14:19 2025] Usuario 2 ha cerrado sesión.
[Sun Apr  6 16:14:24 2025] Usuario 5 ha cerrado sesión.
[Sun Apr  6 16:14:25 2025] Usuario 1 ha cerrado sesión.
[Sun Apr  6 16:14:26 2025] Usuario 2 ha cerrado sesión.
[Sun Apr  6 16:14:28 2025] Usuario 4 ha cerrado sesión.
[Sun Apr  6 16:14:29 2025] Usuario 3 ha cerrado sesión.
[Sun Apr  6 16:17:05 2025] Usuario 5 ha cerrado sesión.
[Sun Apr  6 16:17:05 2025] Usuario 1 ha cerrado sesión.
[Sun Apr  6 16:17:05 2025] Usuario 2 ha cerrado sesión.
[Sun Apr  6 16:17:06 2025] Usuario 4 ha cerrado sesión.
[Sun Apr  6 16:17:06 2025] Usuario 3 ha cerrado sesión.
[Sun Apr  6 16:18:57 2025] Usuario 2 ha cerrado sesión.
[Sun Apr  6 16:18:57 2025] Usuario 5 ha cerrado sesión.
[Sun Apr  6 16:18:57 2025] Usuario 1 ha cerrado sesión.
[Sun Apr  6 16:18:57 2025] Usuario 3 ha cerrado sesión.
[Sun Apr  6 16:18:57 2025] Usuario 4 ha cerrado sesión.
[Sun Apr  6 16:19:35 2025] Usuario 1 ha cerrado sesión.
[Sun Apr  6 16:19:35 2025] Usuario 2 ha cerrado sesión.
[Sun Apr  6 16:19:35 2025] Usuario 3 ha cerrado sesión.
[Sun Apr  6 16:19:35 2025] Usuario 4 ha cerrado sesión.
[Sun Apr  6 16:19:35 2025] Usuario 5 ha cerrado sesión.
[Sun Apr  6 16:20:10 2025] Usuario 1 ha cerrado sesión.
[Sun Apr  6 16:20:10 2025] Usuario 2 ha cerrado sesión.
[Sun Apr  6 16:20:10 2025] Usuario 3 ha cerrado sesión.
[Sun Apr  6 16:20:10 2025] Usuario 4 ha cerrado sesión.
[Sun Apr  6 16:20:10 2025] Usuario 5 ha cerrado sesión.
[Sun Apr  6 16:20:38 2025] Usuario 2 ha cerrado sesión.
[Sun Apr  6 16:20:40 2025] Usuario 3 ha cerrado sesión.
[Sun Apr  6 16:20:42 2025] Usuario 4 ha cerrado sesión.
[Sun Apr  6 16:20:43 2025] Usuario 5 ha cerrado sesión.
[Sun Apr  6 16:20:44 2025] Usuario 1 ha cerrado sesión.
[2025-04-06 16:22:18] Depósito en cuenta 1: 1.00
[Sun Apr  6 16:22:34 2025] Usuario 2 ha cerrado sesión.
[Sun Apr  6 16:22:34 2025] Usuario 4 ha cerrado sesión.
[Sun Apr  6 16:22:34 2025] Usuario 1 ha cerrado sesión.
[Sun Apr  6 16:22:34 2025] Usuario 5 ha cerrado sesión.
[Sun Apr  6 16:22:34 2025] Usuario 3 ha cerrado sesión.
[Sun Apr  6 16:29:55 2025] Usuario 1 ha cerrado sesión.
[Sun Apr  6 16:29:56 2025] Usuario 2 ha cerrado sesión.
[Sun Apr  6 16:29:57 2025] Usuario 5 ha cerrado sesión.
[Sun Apr  6 16:29:59 2025] Usuario 4 ha cerrado sesión.
[Sun Apr  6 16:30:00 2025] Usuario 3 ha cerrado sesión.
[Sun Apr  6 16:52:13 2025] Depósito ANÓMALO en cuenta 1: 123123122831360.00
[Sun Apr  6 16:52:45 2025] Retirada ANÓMALA en cuenta 1: 3123231223296557056.00
[Sun Apr  6 16:52:54 2025] Transferencia ANÓMALA en cuenta 1: 123123127360403013632.00
[Sun Apr  6 16:53:01 2025] Usuario 1 ha cerrado sesión.
[Sun Apr  6 16:53:05 2025] Usuario 4 ha cerrado sesión.
[Sun Apr  6 16:53:06 2025] Usuario 2 ha cerrado sesión.
[Sun Apr  6 16:53:07 2025] Usuario 5 ha cerrado sesión.
[Sun Apr  6 16:53:09 2025] Usuario 3 ha cerrado sesión.
[Sun Apr  6 17:00:05 2025] Usuario 1 ha cerrado sesión.
[Sun Apr  6 17:00:08 2025] Usuario 5 ha cerrado sesión.
[Sun Apr  6 17:00:18 2025] Usuario 2 ha cerrado sesión.
[Sun Apr  6 17:00:19 2025] Usuario 4 ha cerrado sesión.
[Sun Apr  6 17:00:21 2025] Usuario 3 ha cerrado sesión.
[Sun Apr  6 17:01:28 2025] [USUARIO] Depósito ANÓMALO en cuenta 1: 1123123156197373378560.00
[Sun Apr  6 17:01:59 2025] [USUARIO] Depósito ANÓMALO en cuenta 1: 3123123055541639708672.00
[Sun Apr  6 17:02:04 2025] [Usuario] Retirada ANÓMALA en cuenta 1: 123123125361367729032921088.00
[Sun Apr  6 17:02:24 2025] [Usuario] Transferencia ANÓMALA en cuenta 1: 1231231253613677290329210880.00
[Sun Apr  6 17:03:03 2025] Usuario 3 ha cerrado sesión.
[Sun Apr  6 17:03:04 2025] Usuario 5 ha cerrado sesión.
[Sun Apr  6 17:03:05 2025] Usuario 2 ha cerrado sesión.
[Sun Apr  6 17:03:06 2025] Usuario 4 ha cerrado sesión.
[Sun Apr  6 17:03:07 2025] Usuario 1 ha cerrado sesión.
[Sun Apr  6 17:06:49 2025] Deposito ANÓMALO en cuenta 1: 136123121521393664.00
[Sun Apr  6 17:08:27 2025] Deposito ANÓMALO en cuenta 1: 12312312516137975808.00
[Sun Apr  6 17:11:04 2025] Deposito ANÓMALO en cuenta 1: 1.00
[2025-04-06 17:11:12] Retirada en cuenta 1: -2.00
[Sun Apr  6 17:11:14 2025] Deposito ANÓMALO en cuenta 1: 1.00
[Sun Apr  6 17:11:20 2025] Usuario 3 ha cerrado sesión.
[Sun Apr  6 17:11:20 2025] Usuario 5 ha cerrado sesión.
[Sun Apr  6 17:11:20 2025] Usuario 2 ha cerrado sesión.
[Sun Apr  6 17:11:21 2025] Usuario 4 ha cerrado sesión.
[Sun Apr  6 17:11:21 2025] Usuario 1 ha cerrado sesión.
[Sun Apr  6 17:11:49 2025] Deposito ANÓMALO en cuenta 1: 1.00
[2025-04-06 17:11:57] Retirada en cuenta 1: -2.00
[Sun Apr  6 17:12:02 2025] [Usuario] Transferencia ANÓMALA en cuenta 1: 3.00
[Sun Apr  6 17:12:11 2025] [Usuario] Transferencia ANÓMALA en cuenta 1: 3.00
[Sun Apr  6 17:12:15 2025] Usuario 3 ha cerrado sesión.
[Sun Apr  6 17:12:15 2025] Usuario 4 ha cerrado sesión.
[Sun Apr  6 17:12:15 2025] Usuario 2 ha cerrado sesión.
[Sun Apr  6 17:12:15 2025] Usuario 5 ha cerrado sesión.
[Sun Apr  6 17:12:15 2025] Usuario 1 ha cerrado sesión.
[Sun Apr  6 17:12:23 2025] Deposito ANÓMALO en cuenta 1: 1.00
[Sun Apr  6 17:12:27 2025] [Usuario] Transferencia ANÓMALA en cuenta 1: 3.00
[Sun Apr  6 17:12:34 2025] Usuario 3 ha cerrado sesión.
[Sun Apr  6 17:12:36 2025] Usuario 1 ha cerrado sesión.
[Sun Apr  6 17:12:38 2025] Usuario 4 ha cerrado sesión.
[Sun Apr  6 17:12:40 2025] Usuario 5 ha cerrado sesión.
[Sun Apr  6 17:12:44 2025] Usuario 2 ha cerrado sesión.
[2025-04-06 17:15:36] Depósito en cuenta 1: 1.00
[2025-04-06 17:15:42] Retirada en cuenta 1: -2.00
[Sun Apr  6 17:15:46 2025] [Usuario] Transferencia ANÓMALA en cuenta 1: 3.00
[Sun Apr  6 17:16:03 2025] Usuario 1 ha cerrado sesión.
[Sun Apr  6 17:16:03 2025] Usuario 4 ha cerrado sesión.
[Sun Apr  6 17:16:04 2025] Usuario 5 ha cerrado sesión.
[Sun Apr  6 17:16:04 2025] Usuario 2 ha cerrado sesión.
[Sun Apr  6 17:16:05 2025] Usuario 3 ha cerrado sesión.
[Sun Apr  6 17:18:41 2025] [Usuario] Transferencia ANÓMALA en cuenta 1: 3.00
[2025-04-06 17:18:52] Depósito en cuenta 1: 1.00
[2025-04-06 17:18:54] Retirada en cuenta 1: -2.00
[Sun Apr  6 17:19:03 2025] [Usuario] Transferencia ANÓMALA en cuenta 1: 1312312345166348288.00
[Sun Apr  6 17:19:11 2025] [Usuario] Transferencia ANÓMALA en cuenta 1: 3.00
[Sun Apr  6 17:19:51 2025] Deposito ANÓMALO en cuenta 1: 123123125656515634212273913856.00
[Sun Apr  6 17:20:12 2025] [Usuario] Retirada ANÓMALA en cuenta 1: 13123123396687901491200.00
[Sun Apr  6 17:25:23 2025] Usuario 4 ha cerrado sesión.
[Sun Apr  6 17:25:23 2025] Usuario 3 ha cerrado sesión.
[Sun Apr  6 17:25:23 2025] Usuario 5 ha cerrado sesión.
[Sun Apr  6 17:25:23 2025] Usuario 2 ha cerrado sesión.
[Sun Apr  6 17:25:23 2025] Usuario 1 ha cerrado sesión.
[2025-04-06 17:26:11] Depósito en cuenta 1: 1.00
[Sun Apr  6 17:26:15 2025] Deposito ANÓMALO en cuenta 1: 12312311880482816.00
[2025-04-06 17:26:22] Retirada en cuenta 1: -2.00
[Sun Apr  6 17:26:48 2025] [Usuario] Retirada ANÓMALA en cuenta 1: 1233312297271689216.00
[Sun Apr  6 17:27:01 2025] [Usuario] Transferencia ANÓMALA en cuenta 1: 33.00
[Sun Apr  6 17:27:23 2025] [Usuario] Transferencia ANÓMALA en cuenta 1: 3.00
[Sun Apr  6 17:27:48 2025] [Usuario] Transferencia ANÓMALA en cuenta 1: 3.00
[Sun Apr  6 17:27:55 2025] Usuario 4 ha cerrado sesión.
[Sun Apr  6 17:28:03 2025] Usuario 1 ha cerrado sesión.
[Sun Apr  6 17:28:05 2025] Usuario 3 ha cerrado sesión.
[Sun Apr  6 17:28:08 2025] Usuario 5 ha cerrado sesión.
[Sun Apr  6 17:28:08 2025] Usuario 2 ha cerrado sesión.
[Sun Apr  6 17:31:45 2025] [Usuario] Transferencia ANÓMALA en cuenta 1: 3.00
[Sun Apr  6 17:32:33 2025] Usuario 3 ha cerrado sesión.
[Sun Apr  6 17:32:33 2025] Usuario 1 ha cerrado sesión.
[Sun Apr  6 17:32:34 2025] Usuario 5 ha cerrado sesión.
[Sun Apr  6 17:32:34 2025] Usuario 4 ha cerrado sesión.
[Sun Apr  6 17:32:35 2025] Usuario 2 ha cerrado sesión.
[2025-04-06 17:32:59] Transferencia en cuenta 1: -3.00
[Sun Apr  6 17:33:05 2025] Usuario 2 ha cerrado sesión.
[Sun Apr  6 17:33:05 2025] Usuario 3 ha cerrado sesión.
[Sun Apr  6 17:33:06 2025] Usuario 1 ha cerrado sesión.
[Sun Apr  6 17:33:06 2025] Usuario 5 ha cerrado sesión.
[Sun Apr  6 17:33:07 2025] Usuario 4 ha cerrado sesión.
[2025-04-06 17:33:50] Depósito en cuenta 1: 1.00
[Sun Apr  6 17:33:54 2025] Deposito ANÓMALO en cuenta 1: 123123215106048.00
[2025-04-06 17:34:10] Retirada en cuenta 1: -2.00
[Sun Apr  6 17:34:17 2025] [Usuario] Retirada ANÓMALA en cuenta 1: 1312312339668790149120.00
[2025-04-06 17:34:22] Transferencia en cuenta 1: -3.00
[Sun Apr  6 17:34:28 2025] [Usuario] Transferencia ANÓMALA en cuenta 1: 123123216658339375087616.00
[Sun Apr  6 17:34:34 2025] Usuario 4 ha cerrado sesión.
[Sun Apr  6 17:34:37 2025] Usuario 3 ha cerrado sesión.
[Sun Apr  6 17:34:37 2025] Usuario 1 ha cerrado sesión.
[Sun Apr  6 17:34:38 2025] Usuario 2 ha cerrado sesión.
[Sun Apr  6 17:34:38 2025] Usuario 5 ha cerrado sesión.
[2025-04-20 17:42:06] Depósito en cuenta 1: 1.00
[Sun Apr 20 17:44:40 2025] Usuario 1 ha cerrado sesión.
[Sun Apr 20 17:45:14 2025] Usuario 5 ha cerrado sesión.
[Sun Apr 20 17:45:32 2025] Usuario 3 ha cerrado sesión.
[Sun Apr 20 17:45:32 2025] Usuario 4 ha cerrado sesión.
[Sun Apr 20 17:45:32 2025] Usuario 2 ha cerrado sesión.
[2025-04-20 17:56:51] Depósito en cuenta 1: 1.00
[2025-04-20 17:56:53] Retirada en cuenta 1: -2.00
[2025-04-20 17:56:57] Transferencia en cuenta 1: -3.00
[Sun Apr 20 17:57:20 2025] [Usuario] Transferencia ANÓMALA en cuenta 1: 127319834631506822464941337728400752640.00
[2025-04-20 18:28:54] Depósito en cuenta 1: 1.00
[Sun Apr 20 18:28:57 2025] Deposito ANÓMALO en cuenta 1: 131231228528148213919404238307328.00
[2025-04-20 18:29:01] Retirada en cuenta 1: -2.00
[2025-04-20 18:29:02] Retirada en cuenta 1: -2.00
[2025-04-20 18:31:02] Depósito en cuenta 1: 1.00
[Sun Apr 20 18:31:12 2025] Usuario 1 ha cerrado sesión.
[2025-04-20 18:31:46] Depósito en cuenta 1: 1.00
[Sun Apr 20 18:32:02 2025] Usuario 5 ha cerrado sesión.
[Sun Apr 20 18:32:07 2025] Usuario 2 ha cerrado sesión.
[Sun Apr 20 18:32:10 2025] Usuario 3 ha cerrado sesión.
[Sun Apr 20 18:32:12 2025] Usuario 4 ha cerrado sesión.
[Tue May 13 18:00:54 2025] Deposito ANÓMALO en cuenta 1: 121312.00
[2025-05-13 18:00:56] Depósito en cuenta 1: 1.00
[Tue May 13 18:09:59 2025] Usuario 3 ha cerrado sesión.
[Tue May 13 18:09:59 2025] Usuario 4 ha cerrado sesión.
[Tue May 13 18:10:00 2025] Usuario 5 ha cerrado sesión.
[Tue May 13 18:10:00 2025] Usuario 6 ha cerrado sesión.
[Tue May 13 18:10:00 2025] Usuario 2 ha cerrado sesión.
[Tue May 13 18:10:01 2025] Usuario 1 ha cerrado sesión.
[Sat May 17 13:34:10 2025] Usuario 2 ha cerrado sesión.
[Sat May 17 13:34:10 2025] Usuario 5 ha cerrado sesión.
[Sat May 17 13:34:10 2025] Usuario 1 ha cerrado sesión.
[Sat May 17 13:34:11 2025] Usuario 3 ha cerrado sesión.
